<html>
<body>
<pre>
<h1>µVision Build Log</h1>
<h2>Tool Versions:</h2>
IDE-Version: ¦ÌVision V5.37.0.0
Copyright (C) 2022 ARM Ltd and ARM Germany GmbH. All rights reserved.
License Information: pea4 Yuan, nuist, LIC=GE7DL-0QZ0R-PHH89-40FT9-VPY1V-6PZ1A
 
Tool Versions:
Toolchain:       MDK-ARM Professional  Version: 5.37.0.0
Toolchain Path:  C:\Keil_v5\ARM\ARMCCv506u7\Bin
C Compiler:      Armcc.exe V5.06 update 7 (build 960)
Assembler:       Armasm.exe V5.06 update 7 (build 960)
Linker/Locator:  ArmLink.exe V5.06 update 7 (build 960)
Library Manager: ArmAr.exe V5.06 update 7 (build 960)
Hex Converter:   FromElf.exe V5.06 update 7 (build 960)
CPU DLL:         SARMCM3.DLL V5.37.0.0
Dialog DLL:      DCM.DLL V1.17.5.0
Target DLL:      UL2CM3.DLL V1.164.7.0
Dialog DLL:      TCM.DLL V1.56.1.0
 
<h2>Project:</h2>
C:\Users\pea4-\Desktop\f103\SPI\Proj\SPI.uvprojx
Project File Date:  07/10/2022

<h2>Output:</h2>
*** Using Compiler 'V5.06 update 7 (build 960)', folder: 'C:\Keil_v5\ARM\ARMCCv506u7\Bin'
Build target 'Target 1'
compiling SPI_W25Q128.c...
..\User\SPI\SPI_W25Q128.h(88): warning:  #1-D: last line of file ends without a newline
  #endif
..\User\SPI\SPI_W25Q128.c(6): warning:  #1-D: last line of file ends without a newline
  void 
..\User\SPI\SPI_W25Q128.c(6): error: At end of source:  #40: expected an identifier
..\User\SPI\SPI_W25Q128.c(6): error: At end of source:  #65: expected a ";"
..\User\SPI\SPI_W25Q128.c(4): warning:  #177-D: function "SPI_TIMEOUT_UserCallBack"  was declared but never referenced
  static uint16_t SPI_TIMEOUT_UserCallBack(uint8_t errorCode);
..\User\SPI\SPI_W25Q128.c: 3 warnings, 2 errors
".\Objects\SPL_Template.axf" - 2 Error(s), 3 Warning(s).

<h2>Software Packages used:</h2>

Package Vendor: Keil
                http://www.keil.com/pack/Keil.STM32F1xx_DFP.2.4.0.pack
                Keil.STM32F1xx_DFP.2.4.0
                STMicroelectronics STM32F1 Series Device Support, Drivers and Examples

<h2>Collection of Component include folders:</h2>
  C:/Users/pea4-/AppData/Local/Arm/Packs/Keil/STM32F1xx_DFP/2.4.0/Device/Include

<h2>Collection of Component Files used:</h2>
Target not created.
Build Time Elapsed:  00:00:00
</pre>
</body>
</html>
